<?xml version="1.0" encoding="UTF-8"?>
<!-- Generated by org.testng.reporters.JUnitXMLReporter -->
<testsuite ignored="0" hostname="INLEN8520041890" failures="0" tests="6" name="Default test" time="0.12" errors="0" timestamp="2023-12-11T10:29:45 IST">
  <testcase classname="Day14.Grouping" name="LoginByFacebook" time="0.011"/>
  <testcase classname="Day14.Grouping" name="loginByEmail" time="0.002"/>
  <testcase classname="Day14.Grouping" name="LoginBytwitter" time="0.002"/>
  <testcase classname="Day14.Grouping" name="checkedinrupee" time="0.002"/>
  <testcase classname="Day14.Grouping" name="checkedindollar" time="0.001"/>
  <testcase classname="Day14.Grouping" name="returninBank" time="0.002"/>
</testsuite> <!-- Default test -->
