<?xml version="1.0" encoding="UTF-8"?>
<!-- Generated by org.testng.reporters.JUnitXMLReporter -->
<testsuite ignored="10" hostname="INLEN8520041890" failures="0" tests="2" name="Test" time="0.1" errors="0" timestamp="2023-12-05T10:05:07 IST">
  <testcase classname="Day14.Grouping" name="LoginByFacebook" time="0.012"/>
  <testcase classname="Day14.Grouping" name="checkedindollar" time="0.001"/>
  <testcase classname="Day14.SecondTest" name="openApp" time="0.0">
    <ignored/>
  </testcase> <!-- openApp -->
  <testcase classname="Day14.Grouping" name="returninBank" time="0.0">
    <ignored/>
  </testcase> <!-- returninBank -->
  <testcase classname="Day14.Grouping" name="LoginBytwitter" time="0.0">
    <ignored/>
  </testcase> <!-- LoginBytwitter -->
  <testcase classname="Day14.ThirdTestCase" name="test2" time="0.0">
    <ignored/>
  </testcase> <!-- test2 -->
  <testcase classname="Day14.ThirdTestCase" name="test3" time="0.0">
    <ignored/>
  </testcase> <!-- test3 -->
  <testcase classname="Day14.SecondTest" name="close" time="0.0">
    <ignored/>
  </testcase> <!-- close -->
  <testcase classname="Day14.SecondTest" name="login" time="0.0">
    <ignored/>
  </testcase> <!-- login -->
  <testcase classname="Day14.Grouping" name="loginByEmail" time="0.0">
    <ignored/>
  </testcase> <!-- loginByEmail -->
  <testcase classname="Day14.ThirdTestCase" name="test1" time="0.0">
    <ignored/>
  </testcase> <!-- test1 -->
  <testcase classname="Day14.Grouping" name="checkedinrupee" time="0.0">
    <ignored/>
  </testcase> <!-- checkedinrupee -->
</testsuite> <!-- Test -->
