<?xml version="1.0" encoding="UTF-8"?>
<!-- Generated by org.testng.reporters.JUnitXMLReporter -->
<testsuite ignored="0" hostname="INLEN8520041890" failures="2" tests="6" name="vinay" time="7.02" errors="0" timestamp="2023-10-16T14:42:44 IST">
  <testcase classname="Day34.SecondTest" name="openApp" time="6.965"/>
  <testcase classname="Day34.SecondTest" name="login" time="0.001">
    <failure type="java.lang.NullPointerException" message="Cannot invoke &amp;quot;org.openqa.selenium.WebDriver.findElement(org.openqa.selenium.By)&amp;quot; because &amp;quot;this.driver&amp;quot; is null">
      <![CDATA[java.lang.NullPointerException: Cannot invoke "org.openqa.selenium.WebDriver.findElement(org.openqa.selenium.By)" because "this.driver" is null
at Day34.SecondTest.login(SecondTest.java:35)
at java.base/java.util.ArrayList.forEach(ArrayList.java:1511)
... Removed 27 stack frames]]>
    </failure>
  </testcase> <!-- login -->
  <testcase classname="Day34.SecondTest" name="close" time="0.001">
    <failure type="java.lang.NullPointerException" message="Cannot invoke &amp;quot;org.openqa.selenium.WebDriver.quit()&amp;quot; because &amp;quot;this.driver&amp;quot; is null">
      <![CDATA[java.lang.NullPointerException: Cannot invoke "org.openqa.selenium.WebDriver.quit()" because "this.driver" is null
at Day34.SecondTest.close(SecondTest.java:49)
at java.base/java.util.ArrayList.forEach(ArrayList.java:1511)
... Removed 27 stack frames]]>
    </failure>
  </testcase> <!-- close -->
  <testcase classname="Day34.NewTest" name="test1" time="0.001"/>
  <testcase classname="Day34.NewTest" name="test2" time="0.001"/>
  <testcase classname="Day34.NewTest" name="test3" time="0.002"/>
</testsuite> <!-- vinay -->
