<?xml version="1.0" encoding="UTF-8"?>
<testng-results ignored="0" total="6" passed="6" failed="0" skipped="0">
  <reporter-output>
  </reporter-output>
  <suite started-at="2023-12-11T10:29:44 IST" name="Default suite" finished-at="2023-12-11T10:29:45 IST" duration-ms="120">
    <groups>
      <group name="regression">
        <method signature="Grouping.loginByEmail()[pri:1, instance:Day14.Grouping@747ddf94]" name="loginByEmail" class="Day14.Grouping"/>
        <method signature="Grouping.LoginBytwitter()[pri:3, instance:Day14.Grouping@747ddf94]" name="LoginBytwitter" class="Day14.Grouping"/>
        <method signature="Grouping.checkedinrupee()[pri:4, instance:Day14.Grouping@747ddf94]" name="checkedinrupee" class="Day14.Grouping"/>
        <method signature="Grouping.returninBank()[pri:6, instance:Day14.Grouping@747ddf94]" name="returninBank" class="Day14.Grouping"/>
      </group> <!-- regression -->
      <group name="sanity">
        <method signature="Grouping.LoginByFacebook()[pri:0, instance:Day14.Grouping@747ddf94]" name="LoginByFacebook" class="Day14.Grouping"/>
        <method signature="Grouping.loginByEmail()[pri:1, instance:Day14.Grouping@747ddf94]" name="loginByEmail" class="Day14.Grouping"/>
        <method signature="Grouping.checkedinrupee()[pri:4, instance:Day14.Grouping@747ddf94]" name="checkedinrupee" class="Day14.Grouping"/>
        <method signature="Grouping.checkedindollar()[pri:5, instance:Day14.Grouping@747ddf94]" name="checkedindollar" class="Day14.Grouping"/>
      </group> <!-- sanity -->
    </groups>
    <test started-at="2023-12-11T10:29:44 IST" name="Default test" finished-at="2023-12-11T10:29:45 IST" duration-ms="120">
      <class name="Day14.Grouping">
        <test-method signature="LoginByFacebook()[pri:0, instance:Day14.Grouping@747ddf94]" started-at="2023-12-11T10:29:44 IST" name="LoginByFacebook" finished-at="2023-12-11T10:29:44 IST" duration-ms="11" status="PASS">
          <reporter-output>
          </reporter-output>
        </test-method> <!-- LoginByFacebook -->
        <test-method signature="loginByEmail()[pri:1, instance:Day14.Grouping@747ddf94]" started-at="2023-12-11T10:29:45 IST" name="loginByEmail" finished-at="2023-12-11T10:29:45 IST" duration-ms="2" status="PASS">
          <reporter-output>
          </reporter-output>
        </test-method> <!-- loginByEmail -->
        <test-method signature="LoginBytwitter()[pri:3, instance:Day14.Grouping@747ddf94]" started-at="2023-12-11T10:29:45 IST" name="LoginBytwitter" finished-at="2023-12-11T10:29:45 IST" duration-ms="2" status="PASS">
          <reporter-output>
          </reporter-output>
        </test-method> <!-- LoginBytwitter -->
        <test-method signature="checkedinrupee()[pri:4, instance:Day14.Grouping@747ddf94]" started-at="2023-12-11T10:29:45 IST" name="checkedinrupee" finished-at="2023-12-11T10:29:45 IST" duration-ms="2" status="PASS">
          <reporter-output>
          </reporter-output>
        </test-method> <!-- checkedinrupee -->
        <test-method signature="checkedindollar()[pri:5, instance:Day14.Grouping@747ddf94]" started-at="2023-12-11T10:29:45 IST" name="checkedindollar" finished-at="2023-12-11T10:29:45 IST" duration-ms="1" status="PASS">
          <reporter-output>
          </reporter-output>
        </test-method> <!-- checkedindollar -->
        <test-method signature="returninBank()[pri:6, instance:Day14.Grouping@747ddf94]" started-at="2023-12-11T10:29:45 IST" name="returninBank" finished-at="2023-12-11T10:29:45 IST" duration-ms="2" status="PASS">
          <reporter-output>
          </reporter-output>
        </test-method> <!-- returninBank -->
      </class> <!-- Day14.Grouping -->
    </test> <!-- Default test -->
  </suite> <!-- Default suite -->
</testng-results>
